2025-08-14 00:01:08 INFO  [SpringApplicationShutdownHook] o.s.b.w.e.tomcat.GracefulShutdown - Commencing graceful shutdown. Waiting for active requests to complete
2025-08-14 00:01:08 INFO  [tomcat-shutdown] o.s.b.w.e.tomcat.GracefulShutdown - Graceful shutdown complete
2025-08-14 00:01:09 INFO  [SpringApplicationShutdownHook] o.s.o.j.LocalContainerEntityManagerFactoryBean - Closing JPA EntityManagerFactory for persistence unit 'default'
2025-08-14 00:01:09 INFO  [SpringApplicationShutdownHook] com.zaxxer.hikari.HikariDataSource - HikariPool-1 - Shutdown initiated...
2025-08-14 00:01:09 INFO  [SpringApplicationShutdownHook] com.zaxxer.hikari.HikariDataSource - HikariPool-1 - Shutdown completed.
2025-08-14 00:26:19 INFO  [restartedMain] sb.practice.SbPracticeApplication - Starting SbPracticeApplication using Java 21.0.8 with PID 899360 (D:\02 CJ\24 Digit\Xtras\Class Projects\SbPractice\target\classes started by kaust in D:\02 CJ\24 Digit\Xtras\Class Projects\SbPractice)
2025-08-14 00:26:19 DEBUG [restartedMain] sb.practice.SbPracticeApplication - Running with Spring Boot v3.5.4, Spring v6.2.9
2025-08-14 00:26:19 INFO  [restartedMain] sb.practice.SbPracticeApplication - No active profile set, falling back to 1 default profile: "default"
2025-08-14 00:26:19 INFO  [restartedMain] o.s.b.d.e.DevToolsPropertyDefaultsPostProcessor - Devtools property defaults active! Set 'spring.devtools.add-properties' to 'false' to disable
2025-08-14 00:26:19 INFO  [restartedMain] o.s.b.d.e.DevToolsPropertyDefaultsPostProcessor - For additional web related logging consider setting the 'logging.level.web' property to 'DEBUG'
2025-08-14 00:26:22 INFO  [restartedMain] o.s.d.r.c.RepositoryConfigurationDelegate - Bootstrapping Spring Data JPA repositories in DEFAULT mode.
2025-08-14 00:26:22 INFO  [restartedMain] o.s.d.r.c.RepositoryConfigurationDelegate - Finished Spring Data repository scanning in 134 ms. Found 2 JPA repository interfaces.
2025-08-14 00:26:23 INFO  [restartedMain] o.s.b.w.e.tomcat.TomcatWebServer - Tomcat initialized with port 8080 (http)
2025-08-14 00:26:23 INFO  [restartedMain] o.a.catalina.core.StandardService - Starting service [Tomcat]
2025-08-14 00:26:23 INFO  [restartedMain] o.a.catalina.core.StandardEngine - Starting Servlet engine: [Apache Tomcat/10.1.43]
2025-08-14 00:26:23 INFO  [restartedMain] o.a.c.c.C.[Tomcat].[localhost].[/] - Initializing Spring embedded WebApplicationContext
2025-08-14 00:26:23 INFO  [restartedMain] o.s.b.w.s.c.ServletWebServerApplicationContext - Root WebApplicationContext: initialization completed in 4569 ms
2025-08-14 00:26:24 INFO  [restartedMain] o.h.jpa.internal.util.LogHelper - HHH000204: Processing PersistenceUnitInfo [name: default]
2025-08-14 00:26:24 INFO  [restartedMain] org.hibernate.Version - HHH000412: Hibernate ORM core version 6.6.22.Final
2025-08-14 00:26:24 INFO  [restartedMain] o.h.c.i.RegionFactoryInitiator - HHH000026: Second-level cache disabled
2025-08-14 00:26:25 INFO  [restartedMain] o.s.o.j.p.SpringPersistenceUnitInfo - No LoadTimeWeaver setup: ignoring JPA class transformer
2025-08-14 00:26:25 INFO  [restartedMain] com.zaxxer.hikari.HikariDataSource - HikariPool-1 - Starting...
2025-08-14 00:26:26 INFO  [restartedMain] com.zaxxer.hikari.pool.HikariPool - HikariPool-1 - Added connection org.postgresql.jdbc.PgConnection@6f88223c
2025-08-14 00:26:26 INFO  [restartedMain] com.zaxxer.hikari.HikariDataSource - HikariPool-1 - Start completed.
2025-08-14 00:26:27 WARN  [restartedMain] org.hibernate.orm.deprecation - HHH90000025: PostgreSQLDialect does not need to be specified explicitly using 'hibernate.dialect' (remove the property setting and it will be selected by default)
2025-08-14 00:26:27 INFO  [restartedMain] o.hibernate.orm.connections.pooling - HHH10001005: Database info:
	Database JDBC URL [Connecting through datasource 'HikariDataSource (HikariPool-1)']
	Database driver: undefined/unknown
	Database version: 17.5
	Autocommit mode: undefined/unknown
	Isolation level: undefined/unknown
	Minimum pool size: undefined/unknown
	Maximum pool size: undefined/unknown
2025-08-14 00:26:31 INFO  [restartedMain] o.h.e.t.j.p.i.JtaPlatformInitiator - HHH000489: No JTA platform available (set 'hibernate.transaction.jta.platform' to enable JTA platform integration)
2025-08-14 00:26:32 INFO  [restartedMain] o.s.o.j.LocalContainerEntityManagerFactoryBean - Initialized JPA EntityManagerFactory for persistence unit 'default'
2025-08-14 00:26:34 WARN  [restartedMain] o.s.b.a.o.j.JpaBaseConfiguration$JpaWebConfiguration - spring.jpa.open-in-view is enabled by default. Therefore, database queries may be performed during view rendering. Explicitly configure spring.jpa.open-in-view to disable this warning
2025-08-14 00:26:34 INFO  [restartedMain] o.s.v.b.OptionalValidatorFactoryBean - Failed to set up a Bean Validation provider: jakarta.validation.NoProviderFoundException: Unable to create a Configuration, because no Jakarta Bean Validation provider could be found. Add a provider like Hibernate Validator (RI) to your classpath.
2025-08-14 00:26:37 INFO  [restartedMain] o.s.b.d.a.OptionalLiveReloadServer - LiveReload server is running on port 35729
2025-08-14 00:26:37 INFO  [restartedMain] o.s.b.a.e.web.EndpointLinksResolver - Exposing 1 endpoint beneath base path '/actuator'
2025-08-14 00:26:38 INFO  [restartedMain] o.s.b.w.e.tomcat.TomcatWebServer - Tomcat started on port 8080 (http) with context path '/'
2025-08-14 00:26:38 INFO  [restartedMain] sb.practice.SbPracticeApplication - Started SbPracticeApplication in 20.096 seconds (process running for 20.878)
2025-08-14 00:28:26 INFO  [http-nio-8080-exec-1] o.a.c.c.C.[Tomcat].[localhost].[/] - Initializing Spring DispatcherServlet 'dispatcherServlet'
2025-08-14 00:28:26 INFO  [http-nio-8080-exec-1] o.s.web.servlet.DispatcherServlet - Initializing Servlet 'dispatcherServlet'
2025-08-14 00:28:26 INFO  [http-nio-8080-exec-1] o.s.web.servlet.DispatcherServlet - Completed initialization in 0 ms
2025-08-14 00:28:27 INFO  [http-nio-8080-exec-1] s.p.controllers.UserController - Registering user: UserRegistrationDTO(fullName=Amit Sharma, dateOfBirth=1995-06-15, gender=Male, username=amit.sharma95, password=Secure@123, emailId=amit.sharma95@example.com, roleId=2)
2025-08-14 00:28:28 WARN  [http-nio-8080-exec-1] o.s.w.s.m.m.a.ExceptionHandlerExceptionResolver - Resolved [sb.practice.exceptions.ResourceNotFoundException: Role not found with ID: 2]
2025-08-14 00:28:38 INFO  [http-nio-8080-exec-3] s.p.controllers.UserController - Registering user: UserRegistrationDTO(fullName=Amit Sharma, dateOfBirth=1995-06-15, gender=Male, username=amit.sharma95, password=Secure@123, emailId=amit.sharma95@example.com, roleId=12)
2025-08-14 00:28:38 WARN  [http-nio-8080-exec-3] o.s.w.s.m.m.a.ExceptionHandlerExceptionResolver - Resolved [sb.practice.exceptions.ResourceNotFoundException: Role not found with ID: 12]
2025-08-14 00:28:54 INFO  [http-nio-8080-exec-5] s.p.controllers.UserController - Registering user: UserRegistrationDTO(fullName=Amit Sharma, dateOfBirth=1995-06-15, gender=Male, username=amit.sharma95, password=Secure@123, emailId=amit.sharma95@example.com, roleId=9)
2025-08-14 00:28:55 WARN  [http-nio-8080-exec-5] o.h.e.jdbc.spi.SqlExceptionHelper - SQL Error: 0, SQLState: 22001
2025-08-14 00:28:55 ERROR [http-nio-8080-exec-5] o.h.e.jdbc.spi.SqlExceptionHelper - ERROR: value too long for type character varying(1)
2025-08-14 00:28:55 WARN  [http-nio-8080-exec-5] o.s.w.s.m.m.a.ExceptionHandlerExceptionResolver - Resolved [org.springframework.dao.DataIntegrityViolationException: could not execute statement [ERROR: value too long for type character varying(1)] [insert into users (address,auth_status,created_at,date_of_birth,email_id,full_name,gender,password_hash,password_salt,phone_no,profile_image,role_id,updated_at,username) values (?,?,?,?,?,?,?,?,?,?,?,?,?,?)]; SQL [insert into users (address,auth_status,created_at,date_of_birth,email_id,full_name,gender,password_hash,password_salt,phone_no,profile_image,role_id,updated_at,username) values (?,?,?,?,?,?,?,?,?,?,?,?,?,?)]]
2025-08-14 00:29:07 INFO  [http-nio-8080-exec-6] s.p.controllers.UserController - Registering user: UserRegistrationDTO(fullName=Amit Sharma, dateOfBirth=1995-06-15, gender=M, username=amit.sharma95, password=Secure@123, emailId=amit.sharma95@example.com, roleId=9)
2025-08-14 00:30:49 INFO  [http-nio-8080-exec-9] s.p.controllers.UserController - Registering user: UserRegistrationDTO(fullName=Amit Sharma, dateOfBirth=1995-06-15, gender=M, username=amit.sharma95, password=Secure@123, emailId=amit.sharma95@example.com, roleId=9)
2025-08-14 00:30:49 WARN  [http-nio-8080-exec-9] o.s.w.s.m.m.a.ExceptionHandlerExceptionResolver - Resolved [sb.practice.exceptions.ResourceAlreadyExistsException: User with username 'amit.sharma95' already exists]
2025-08-14 00:31:29 INFO  [http-nio-8080-exec-10] s.p.controllers.UserController - Registering user: UserRegistrationDTO(fullName=Amit Rawat, dateOfBirth=1995-06-15, gender=Male, username=amit95, password=Secure@123, emailId=amit.sharma95@example.com, roleId=2)
2025-08-14 00:31:29 WARN  [http-nio-8080-exec-10] o.s.w.s.m.m.a.ExceptionHandlerExceptionResolver - Resolved [sb.practice.exceptions.ResourceAlreadyExistsException: Email with emailId 'amit.sharma95@example.com' already exists]
2025-08-14 00:31:46 INFO  [http-nio-8080-exec-2] s.p.controllers.UserController - Registering user: UserRegistrationDTO(fullName=Amit Sharma, dateOfBirth=1995-06-15, gender=Male, username=amit.sharma95, password=Secure@123, emailId=amit.sharma95@example.com, roleId=10)
2025-08-14 00:31:46 WARN  [http-nio-8080-exec-2] o.s.w.s.m.m.a.ExceptionHandlerExceptionResolver - Resolved [sb.practice.exceptions.ResourceAlreadyExistsException: User with username 'amit.sharma95' already exists]
2025-08-14 00:31:58 INFO  [http-nio-8080-exec-1] s.p.controllers.UserController - Registering user: UserRegistrationDTO(fullName=Amit Sharma, dateOfBirth=1995-06-15, gender=Male, username=amit.a95, password=Secure@123, emailId=amit.sharma95@example.com, roleId=10)
2025-08-14 00:31:58 WARN  [http-nio-8080-exec-1] o.s.w.s.m.m.a.ExceptionHandlerExceptionResolver - Resolved [sb.practice.exceptions.ResourceAlreadyExistsException: Email with emailId 'amit.sharma95@example.com' already exists]
2025-08-14 00:32:12 INFO  [http-nio-8080-exec-3] s.p.controllers.UserController - Registering user: UserRegistrationDTO(fullName=Amit Sharma, dateOfBirth=1995-06-15, gender=Male, username=amit.a95, password=Secure@123, emailId=amit.sharma@example.com, roleId=10)
2025-08-14 00:32:12 WARN  [http-nio-8080-exec-3] o.h.e.jdbc.spi.SqlExceptionHelper - SQL Error: 0, SQLState: 22001
2025-08-14 00:32:12 ERROR [http-nio-8080-exec-3] o.h.e.jdbc.spi.SqlExceptionHelper - ERROR: value too long for type character varying(1)
2025-08-14 00:32:12 WARN  [http-nio-8080-exec-3] o.s.w.s.m.m.a.ExceptionHandlerExceptionResolver - Resolved [org.springframework.dao.DataIntegrityViolationException: could not execute statement [ERROR: value too long for type character varying(1)] [insert into users (address,auth_status,created_at,date_of_birth,email_id,full_name,gender,password_hash,password_salt,phone_no,profile_image,role_id,updated_at,username) values (?,?,?,?,?,?,?,?,?,?,?,?,?,?)]; SQL [insert into users (address,auth_status,created_at,date_of_birth,email_id,full_name,gender,password_hash,password_salt,phone_no,profile_image,role_id,updated_at,username) values (?,?,?,?,?,?,?,?,?,?,?,?,?,?)]]
2025-08-14 00:32:20 INFO  [http-nio-8080-exec-4] s.p.controllers.UserController - Registering user: UserRegistrationDTO(fullName=Amit Sharma, dateOfBirth=1995-06-15, gender=M, username=amit.a95, password=Secure@123, emailId=amit.sharma@example.com, roleId=10)
2025-08-14 00:32:30 INFO  [http-nio-8080-exec-6] s.p.controllers.UserController - Registering user: UserRegistrationDTO(fullName=Amit Sharma, dateOfBirth=1995-06-15, gender=M, username=amit.a95, password=Secure@123, emailId=amit.sharma@example.com, roleId=25)
2025-08-14 00:32:30 WARN  [http-nio-8080-exec-6] o.s.w.s.m.m.a.ExceptionHandlerExceptionResolver - Resolved [sb.practice.exceptions.ResourceAlreadyExistsException: User with username 'amit.a95' already exists]
2025-08-14 00:32:36 INFO  [http-nio-8080-exec-8] s.p.controllers.UserController - Registering user: UserRegistrationDTO(fullName=Amit Sharma, dateOfBirth=1995-06-15, gender=M, username=amia95, password=Secure@123, emailId=amit.sharma@example.com, roleId=25)
2025-08-14 00:32:36 WARN  [http-nio-8080-exec-8] o.s.w.s.m.m.a.ExceptionHandlerExceptionResolver - Resolved [sb.practice.exceptions.ResourceAlreadyExistsException: Email with emailId 'amit.sharma@example.com' already exists]
2025-08-14 00:32:41 INFO  [http-nio-8080-exec-7] s.p.controllers.UserController - Registering user: UserRegistrationDTO(fullName=Amit Sharma, dateOfBirth=1995-06-15, gender=M, username=amia95, password=Secure@123, emailId=amit.shma@example.com, roleId=25)
2025-08-14 00:32:41 WARN  [http-nio-8080-exec-7] o.s.w.s.m.m.a.ExceptionHandlerExceptionResolver - Resolved [sb.practice.exceptions.ResourceNotFoundException: Role not found with ID: 25]
2025-08-14 00:35:35 WARN  [HikariPool-1:housekeeper] com.zaxxer.hikari.pool.HikariPool - HikariPool-1 - Thread starvation or clock leap detected (housekeeper delta=2m8s547ms588µs100ns).
2025-08-14 01:01:51 WARN  [HikariPool-1:housekeeper] com.zaxxer.hikari.pool.HikariPool - HikariPool-1 - Thread starvation or clock leap detected (housekeeper delta=18m46s228ms665µs500ns).
2025-08-14 01:13:15 INFO  [SpringApplicationShutdownHook] o.s.b.w.e.tomcat.GracefulShutdown - Commencing graceful shutdown. Waiting for active requests to complete
2025-08-14 01:13:15 INFO  [tomcat-shutdown] o.s.b.w.e.tomcat.GracefulShutdown - Graceful shutdown complete
2025-08-14 01:13:16 INFO  [SpringApplicationShutdownHook] o.s.o.j.LocalContainerEntityManagerFactoryBean - Closing JPA EntityManagerFactory for persistence unit 'default'
2025-08-14 01:13:16 INFO  [SpringApplicationShutdownHook] com.zaxxer.hikari.HikariDataSource - HikariPool-1 - Shutdown initiated...
2025-08-14 01:13:16 INFO  [SpringApplicationShutdownHook] com.zaxxer.hikari.HikariDataSource - HikariPool-1 - Shutdown completed.
2025-08-14 01:13:26 INFO  [restartedMain] sb.practice.SbPracticeApplication - Starting SbPracticeApplication using Java 21.0.8 with PID 932336 (D:\02 CJ\24 Digit\Xtras\Class Projects\SbPractice\target\classes started by kaust in D:\02 CJ\24 Digit\Xtras\Class Projects\SbPractice)
2025-08-14 01:13:26 DEBUG [restartedMain] sb.practice.SbPracticeApplication - Running with Spring Boot v3.5.4, Spring v6.2.9
2025-08-14 01:13:26 INFO  [restartedMain] sb.practice.SbPracticeApplication - No active profile set, falling back to 1 default profile: "default"
2025-08-14 01:13:26 INFO  [restartedMain] o.s.b.d.e.DevToolsPropertyDefaultsPostProcessor - Devtools property defaults active! Set 'spring.devtools.add-properties' to 'false' to disable
2025-08-14 01:13:26 INFO  [restartedMain] o.s.b.d.e.DevToolsPropertyDefaultsPostProcessor - For additional web related logging consider setting the 'logging.level.web' property to 'DEBUG'
2025-08-14 01:13:30 INFO  [restartedMain] o.s.d.r.c.RepositoryConfigurationDelegate - Bootstrapping Spring Data JPA repositories in DEFAULT mode.
2025-08-14 01:13:30 INFO  [restartedMain] o.s.d.r.c.RepositoryConfigurationDelegate - Finished Spring Data repository scanning in 214 ms. Found 2 JPA repository interfaces.
2025-08-14 01:13:32 INFO  [restartedMain] o.s.b.w.e.tomcat.TomcatWebServer - Tomcat initialized with port 8080 (http)
2025-08-14 01:13:32 INFO  [restartedMain] o.a.catalina.core.StandardService - Starting service [Tomcat]
2025-08-14 01:13:32 INFO  [restartedMain] o.a.catalina.core.StandardEngine - Starting Servlet engine: [Apache Tomcat/10.1.43]
2025-08-14 01:13:32 INFO  [restartedMain] o.a.c.c.C.[Tomcat].[localhost].[/] - Initializing Spring embedded WebApplicationContext
2025-08-14 01:13:32 INFO  [restartedMain] o.s.b.w.s.c.ServletWebServerApplicationContext - Root WebApplicationContext: initialization completed in 5211 ms
2025-08-14 01:13:33 INFO  [restartedMain] o.h.jpa.internal.util.LogHelper - HHH000204: Processing PersistenceUnitInfo [name: default]
2025-08-14 01:13:33 INFO  [restartedMain] org.hibernate.Version - HHH000412: Hibernate ORM core version 6.6.22.Final
2025-08-14 01:13:33 INFO  [restartedMain] o.h.c.i.RegionFactoryInitiator - HHH000026: Second-level cache disabled
2025-08-14 01:13:34 INFO  [restartedMain] o.s.o.j.p.SpringPersistenceUnitInfo - No LoadTimeWeaver setup: ignoring JPA class transformer
2025-08-14 01:13:34 INFO  [restartedMain] com.zaxxer.hikari.HikariDataSource - HikariPool-1 - Starting...
2025-08-14 01:13:35 INFO  [restartedMain] com.zaxxer.hikari.pool.HikariPool - HikariPool-1 - Added connection org.postgresql.jdbc.PgConnection@174d2c1f
2025-08-14 01:13:35 INFO  [restartedMain] com.zaxxer.hikari.HikariDataSource - HikariPool-1 - Start completed.
2025-08-14 01:13:36 WARN  [restartedMain] org.hibernate.orm.deprecation - HHH90000025: PostgreSQLDialect does not need to be specified explicitly using 'hibernate.dialect' (remove the property setting and it will be selected by default)
2025-08-14 01:13:36 INFO  [restartedMain] o.hibernate.orm.connections.pooling - HHH10001005: Database info:
	Database JDBC URL [Connecting through datasource 'HikariDataSource (HikariPool-1)']
	Database driver: undefined/unknown
	Database version: 17.5
	Autocommit mode: undefined/unknown
	Isolation level: undefined/unknown
	Minimum pool size: undefined/unknown
	Maximum pool size: undefined/unknown
2025-08-14 01:13:40 INFO  [restartedMain] o.h.e.t.j.p.i.JtaPlatformInitiator - HHH000489: No JTA platform available (set 'hibernate.transaction.jta.platform' to enable JTA platform integration)
2025-08-14 01:13:40 INFO  [restartedMain] o.s.o.j.LocalContainerEntityManagerFactoryBean - Initialized JPA EntityManagerFactory for persistence unit 'default'
2025-08-14 01:13:43 WARN  [restartedMain] o.s.b.a.o.j.JpaBaseConfiguration$JpaWebConfiguration - spring.jpa.open-in-view is enabled by default. Therefore, database queries may be performed during view rendering. Explicitly configure spring.jpa.open-in-view to disable this warning
2025-08-14 01:13:43 INFO  [restartedMain] o.s.v.b.OptionalValidatorFactoryBean - Failed to set up a Bean Validation provider: jakarta.validation.NoProviderFoundException: Unable to create a Configuration, because no Jakarta Bean Validation provider could be found. Add a provider like Hibernate Validator (RI) to your classpath.
2025-08-14 01:13:46 INFO  [restartedMain] o.s.b.d.a.OptionalLiveReloadServer - LiveReload server is running on port 35729
2025-08-14 01:13:46 INFO  [restartedMain] o.s.b.a.e.web.EndpointLinksResolver - Exposing 1 endpoint beneath base path '/actuator'
2025-08-14 01:13:46 INFO  [restartedMain] o.s.b.w.e.tomcat.TomcatWebServer - Tomcat started on port 8080 (http) with context path '/'
2025-08-14 01:13:46 INFO  [restartedMain] sb.practice.SbPracticeApplication - Started SbPracticeApplication in 21.44 seconds (process running for 22.736)
2025-08-14 01:16:41 INFO  [http-nio-8080-exec-2] o.a.c.c.C.[Tomcat].[localhost].[/] - Initializing Spring DispatcherServlet 'dispatcherServlet'
2025-08-14 01:16:41 INFO  [http-nio-8080-exec-2] o.s.web.servlet.DispatcherServlet - Initializing Servlet 'dispatcherServlet'
2025-08-14 01:16:41 INFO  [http-nio-8080-exec-2] o.s.web.servlet.DispatcherServlet - Completed initialization in 0 ms
2025-08-14 01:16:42 WARN  [http-nio-8080-exec-2] o.s.w.s.m.m.a.ExceptionHandlerExceptionResolver - Resolved [org.springframework.web.HttpRequestMethodNotSupportedException: Request method 'PUT' is not supported]
2025-08-14 01:17:54 WARN  [http-nio-8080-exec-5] o.s.w.s.m.m.a.ExceptionHandlerExceptionResolver - Resolved [sb.practice.exceptions.ResourceNotFoundException: User with id 112 not found]
2025-08-14 01:53:20 WARN  [HikariPool-1:housekeeper] com.zaxxer.hikari.pool.HikariPool - HikariPool-1 - Thread starvation or clock leap detected (housekeeper delta=35m44s487ms754µs800ns).
2025-08-14 01:53:56 INFO  [SpringApplicationShutdownHook] o.s.b.w.e.tomcat.GracefulShutdown - Commencing graceful shutdown. Waiting for active requests to complete
2025-08-14 01:53:56 INFO  [tomcat-shutdown] o.s.b.w.e.tomcat.GracefulShutdown - Graceful shutdown complete
2025-08-14 01:53:56 INFO  [SpringApplicationShutdownHook] o.s.o.j.LocalContainerEntityManagerFactoryBean - Closing JPA EntityManagerFactory for persistence unit 'default'
2025-08-14 01:53:56 INFO  [SpringApplicationShutdownHook] com.zaxxer.hikari.HikariDataSource - HikariPool-1 - Shutdown initiated...
2025-08-14 01:53:56 INFO  [SpringApplicationShutdownHook] com.zaxxer.hikari.HikariDataSource - HikariPool-1 - Shutdown completed.
